<?xml version="1.0" encoding="UTF-8"?>
<!-- Generated by org.testng.reporters.JUnitXMLReporter -->
<testsuite hostname="LAPTOP-DLMIEB18" failures="0" tests="1" name="Command line test" time="2.418" errors="0" timestamp="20 Jan 2024 17:18:39 GMT">
  <testcase classname="test.com.GoogleSearchTest" name="@BeforeMethod setUpMethod" time="0.0">
    <failure type="org.openqa.selenium.SessionNotCreatedException" message="session not created: This version of ChromeDriver only supports Chrome version 117
Current browser version is 120.0.6099.217 with binary path C:\Program Files\Google\Chrome\Application\chrome.exe
Build info: version: &amp;apos;3.141.59&amp;apos;, revision: &amp;apos;e82be7d358&amp;apos;, time: &amp;apos;2018-11-14T08:17:03&amp;apos;
System info: host: &amp;apos;LAPTOP-DLMIEB18&amp;apos;, ip: &amp;apos;10.0.0.144&amp;apos;, os.name: &amp;apos;Windows 11&amp;apos;, os.arch: &amp;apos;amd64&amp;apos;, os.version: &amp;apos;10.0&amp;apos;, java.version: &amp;apos;17.0.2&amp;apos;
Driver info: driver.version: ChromeDriver
remote stacktrace: 	GetHandleVerifier [0x00007FF605D678A2+54818]
	(No symbol) [0x00007FF605CD6AD2]
	(No symbol) [0x00007FF605B8DA3B]
	(No symbol) [0x00007FF605BC0972]
	(No symbol) [0x00007FF605BBFDCE]
	(No symbol) [0x00007FF605BBAA4B]
	(No symbol) [0x00007FF605BB802E]
	(No symbol) [0x00007FF605BF67FB]
	(No symbol) [0x00007FF605BEE883]
	(No symbol) [0x00007FF605BC3691]
	(No symbol) [0x00007FF605BC48D4]
	GetHandleVerifier [0x00007FF6060CB9A2+3610402]
	GetHandleVerifier [0x00007FF606121870+3962352]
	GetHandleVerifier [0x00007FF606119D5F+3930847]
	GetHandleVerifier [0x00007FF605E03656+693206]
	(No symbol) [0x00007FF605CE1638]
	(No symbol) [0x00007FF605CDD944]
	(No symbol) [0x00007FF605CDDA72]
	(No symbol) [0x00007FF605CCE123]
	BaseThreadInitThunk [0x00007FF90036257D+29]
	RtlUserThreadStart [0x00007FF9011EAA58+40]
">
      <![CDATA[org.openqa.selenium.SessionNotCreatedException: session not created: This version of ChromeDriver only supports Chrome version 117
Current browser version is 120.0.6099.217 with binary path C:\Program Files\Google\Chrome\Application\chrome.exe
Build info: version: '3.141.59', revision: 'e82be7d358', time: '2018-11-14T08:17:03'
System info: host: 'LAPTOP-DLMIEB18', ip: '10.0.0.144', os.name: 'Windows 11', os.arch: 'amd64', os.version: '10.0', java.version: '17.0.2'
Driver info: driver.version: ChromeDriver
remote stacktrace: 	GetHandleVerifier [0x00007FF605D678A2+54818]
	(No symbol) [0x00007FF605CD6AD2]
	(No symbol) [0x00007FF605B8DA3B]
	(No symbol) [0x00007FF605BC0972]
	(No symbol) [0x00007FF605BBFDCE]
	(No symbol) [0x00007FF605BBAA4B]
	(No symbol) [0x00007FF605BB802E]
	(No symbol) [0x00007FF605BF67FB]
	(No symbol) [0x00007FF605BEE883]
	(No symbol) [0x00007FF605BC3691]
	(No symbol) [0x00007FF605BC48D4]
	GetHandleVerifier [0x00007FF6060CB9A2+3610402]
	GetHandleVerifier [0x00007FF606121870+3962352]
	GetHandleVerifier [0x00007FF606119D5F+3930847]
	GetHandleVerifier [0x00007FF605E03656+693206]
	(No symbol) [0x00007FF605CE1638]
	(No symbol) [0x00007FF605CDD944]
	(No symbol) [0x00007FF605CDDA72]
	(No symbol) [0x00007FF605CCE123]
	BaseThreadInitThunk [0x00007FF90036257D+29]
	RtlUserThreadStart [0x00007FF9011EAA58+40]

	at org.openqa.selenium.remote.W3CHandshakeResponse.lambda$errorHandler$0(W3CHandshakeResponse.java:62)
	at org.openqa.selenium.remote.HandshakeResponse.lambda$getResponseFunction$0(HandshakeResponse.java:30)
	at org.openqa.selenium.remote.ProtocolHandshake.lambda$createSession$0(ProtocolHandshake.java:126)
	at java.base/java.util.stream.ReferencePipeline$3$1.accept(ReferencePipeline.java:197)
	at java.base/java.util.Spliterators$ArraySpliterator.tryAdvance(Spliterators.java:1002)
	at java.base/java.util.stream.ReferencePipeline.forEachWithCancel(ReferencePipeline.java:129)
	at java.base/java.util.stream.AbstractPipeline.copyIntoWithCancel(AbstractPipeline.java:527)
	at java.base/java.util.stream.AbstractPipeline.copyInto(AbstractPipeline.java:513)
	at java.base/java.util.stream.AbstractPipeline.wrapAndCopyInto(AbstractPipeline.java:499)
	at java.base/java.util.stream.FindOps$FindOp.evaluateSequential(FindOps.java:150)
	at java.base/java.util.stream.AbstractPipeline.evaluate(AbstractPipeline.java:234)
	at java.base/java.util.stream.ReferencePipeline.findFirst(ReferencePipeline.java:647)
	at org.openqa.selenium.remote.ProtocolHandshake.createSession(ProtocolHandshake.java:128)
	at org.openqa.selenium.remote.ProtocolHandshake.createSession(ProtocolHandshake.java:74)
	at org.openqa.selenium.remote.HttpCommandExecutor.execute(HttpCommandExecutor.java:136)
	at org.openqa.selenium.remote.service.DriverCommandExecutor.execute(DriverCommandExecutor.java:83)
	at org.openqa.selenium.remote.RemoteWebDriver.execute(RemoteWebDriver.java:552)
	at org.openqa.selenium.remote.RemoteWebDriver.startSession(RemoteWebDriver.java:213)
	at org.openqa.selenium.remote.RemoteWebDriver.<init>(RemoteWebDriver.java:131)
	at org.openqa.selenium.chrome.ChromeDriver.<init>(ChromeDriver.java:181)
	at org.openqa.selenium.chrome.ChromeDriver.<init>(ChromeDriver.java:168)
	at org.openqa.selenium.chrome.ChromeDriver.<init>(ChromeDriver.java:123)
	at test.com.GoogleSearchTest.setUpMethod(GoogleSearchTest.java:44)
... Removed 40 stack frames]]>
    </failure>
  </testcase> <!-- @BeforeMethod setUpMethod -->
  <testcase classname="test.com.GoogleSearchTest" name="@AfterMethod tearDownMethod" time="0.0">
    <skipped/>
  </testcase> <!-- @AfterMethod tearDownMethod -->
  <testcase classname="test.com.GoogleSearchTest" name="@AfterClass tearDownClass" time="0.0">
    <skipped/>
  </testcase> <!-- @AfterClass tearDownClass -->
  <testcase classname="test.com.GoogleSearchTest" name="testFacebook" time="0.002">
    <skipped/>
  </testcase> <!-- testFacebook -->
</testsuite> <!-- Command line test -->
